Build started 06.11.2018 0:28:40.
     1>Project "F:\WINAPI1-\SendMail\email\email\email.vcxproj" on node 2 (build target(s)).
     1>InitializeBuildStatus:
         Touching "Debug\email.unsuccessfulbuild".
       ClCompile:
         All outputs are up-to-date.
         D:\New Folder\VC\bin\CL.exe /c /ZI /nologo /W3 /WX- /Od /Oy- /D WIN32 /D _DEBUG /D _CONSOLE /D _UNICODE /D UNICODE /Gm /EHsc /RTC1 /MDd /GS /fp:precise /Zc:wchar_t /Zc:forScope /Yu"StdAfx.h" /Fp"Debug\email.pch" /Fo"Debug\\" /Fd"Debug\vc100.pdb" /Gd /TP /analyze- /errorReport:prompt email.cpp
         email.cpp
     1>d:\new folder\vc\include\sys\socket.h(118): error C2143: syntax error : missing ';' before '*'
     1>d:\new folder\vc\include\sys\socket.h(118): error C4430: missing type specifier - int assumed. Note: C++ does not support default-int
     1>d:\new folder\vc\include\sys\socket.h(118): error C4430: missing type specifier - int assumed. Note: C++ does not support default-int
     1>d:\new folder\vc\include\sys\socket.h(119): error C2143: syntax error : missing ';' before '*'
     1>d:\new folder\vc\include\sys\socket.h(119): error C4430: missing type specifier - int assumed. Note: C++ does not support default-int
     1>d:\new folder\vc\include\sys\socket.h(119): error C4430: missing type specifier - int assumed. Note: C++ does not support default-int
     1>d:\new folder\vc\include\sys\socket.h(120): error C2143: syntax error : missing ';' before '*'
     1>d:\new folder\vc\include\sys\socket.h(120): error C4430: missing type specifier - int assumed. Note: C++ does not support default-int
     1>d:\new folder\vc\include\sys\socket.h(120): error C4430: missing type specifier - int assumed. Note: C++ does not support default-int
     1>d:\new folder\vc\include\sys\socket.h(121): error C2143: syntax error : missing ';' before '*'
     1>d:\new folder\vc\include\sys\socket.h(121): error C4430: missing type specifier - int assumed. Note: C++ does not support default-int
     1>d:\new folder\vc\include\sys\socket.h(121): error C4430: missing type specifier - int assumed. Note: C++ does not support default-int
     1>d:\new folder\vc\include\netinet\in.h(72): error C2011: 'in_addr' : 'struct' type redefinition
                 c:\program files (x86)\microsoft sdks\windows\v7.0a\include\inaddr.h(22) : see declaration of 'in_addr'
     1>d:\new folder\vc\include\netinet\in.h(81): warning C4005: 'IN_CLASSA' : macro redefinition
                 c:\program files (x86)\microsoft sdks\windows\v7.0a\include\ws2def.h(524) : see previous definition of 'IN_CLASSA'
     1>d:\new folder\vc\include\netinet\in.h(87): warning C4005: 'IN_CLASSB' : macro redefinition
                 c:\program files (x86)\microsoft sdks\windows\v7.0a\include\ws2def.h(530) : see previous definition of 'IN_CLASSB'
     1>d:\new folder\vc\include\netinet\in.h(93): warning C4005: 'IN_CLASSC' : macro redefinition
                 c:\program files (x86)\microsoft sdks\windows\v7.0a\include\ws2def.h(536) : see previous definition of 'IN_CLASSC'
     1>d:\new folder\vc\include\netinet\in.h(104): warning C4005: 'INADDR_ANY' : macro redefinition
                 c:\program files (x86)\microsoft sdks\windows\v7.0a\include\ws2def.h(547) : see previous definition of 'INADDR_ANY'
     1>d:\new folder\vc\include\netinet\in.h(105): warning C4005: 'INADDR_BROADCAST' : macro redefinition
                 c:\program files (x86)\microsoft sdks\windows\v7.0a\include\ws2def.h(549) : see previous definition of 'INADDR_BROADCAST'
     1>d:\new folder\vc\include\netinet\in.h(115): error C2011: 'sockaddr_in' : 'struct' type redefinition
                 c:\program files (x86)\microsoft sdks\windows\v7.0a\include\ws2def.h(583) : see declaration of 'sockaddr_in'
     1>d:\new folder\vc\include\netinet\in.h(131): error C2079: 'ip_opts::ip_dst' uses undefined struct 'in_addr'
     1>d:\new folder\vc\include\netinet\in.h(132): error C2380: type(s) preceding 'ip_opts' (constructor with return type, or illegal redefinition of current class-name?)
     1>d:\new folder\vc\include\netinet\in.h(132): error C2059: syntax error : '['
     1>d:\new folder\vc\include\netinet\in.h(132): error C2238: unexpected token(s) preceding ';'
     1>d:\new folder\vc\include\netinet\in.h(145): warning C4005: 'IP_RECVDSTADDR' : macro redefinition
                 c:\program files (x86)\microsoft sdks\windows\v7.0a\include\ws2ipdef.h(135) : see previous definition of 'IP_RECVDSTADDR'
     1>f:\winapi1-\sendmail\email\email\curl.h(37): fatal error C1083: Cannot open include file: 'curlver.h': No such file or directory
     1>Done Building Project "F:\WINAPI1-\SendMail\email\email\email.vcxproj" (build target(s)) -- FAILED.

Build FAILED.

Time Elapsed 00:00:00.82
