Build started 04.11.2018 13:06:06.
     1>Project "F:\WINAPI1-\ListView\my3\main.vcxproj" on node 2 (build target(s)).
     1>InitializeBuildStatus:
         Touching ".\Debug\main.unsuccessfulbuild".
       ClCompile:
         D:\New Folder\VC\bin\CL.exe /c /ZI /nologo /W3 /WX- /Od /Oy- /D WIN32 /D _DEBUG /D _WINDOWS /D _VC80_UPGRADE=0x0600 /D _MBCS /Gm /EHsc /RTC1 /MTd /GS /Gy- /fp:precise /Zc:wchar_t /Zc:forScope /Fo".\Debug\\" /Fd".\Debug\vc100.pdb" /FR".\Debug\\" /Gd /TP /analyze- /errorReport:prompt main.cpp
         main.cpp
     1>f:\winapi1-\listview\my3\create_listview.cpp(19): warning C4101: 'hInst' : unreferenced local variable
     1>f:\winapi1-\listview\my3\initlistviewcolumns.cpp(91): warning C4996: 'fopen': This function or variable may be unsafe. Consider using fopen_s instead. To disable deprecation, use _CRT_SECURE_NO_WARNINGS. See online help for details.
                 d:\new folder\vc\include\stdio.h(234) : see declaration of 'fopen'
     1>f:\winapi1-\listview\my3\initlistviewcolumns.cpp(119): warning C4996: 'fscanf': This function or variable may be unsafe. Consider using fscanf_s instead. To disable deprecation, use _CRT_SECURE_NO_WARNINGS. See online help for details.
                 d:\new folder\vc\include\stdio.h(253) : see declaration of 'fscanf'
     1>f:\winapi1-\listview\my3\msg_listview.cpp(34): warning C4065: switch statement contains 'default' but no 'case' labels
     1>f:\winapi1-\listview\my3\msg_listview.cpp(87): warning C4996: 'sprintf': This function or variable may be unsafe. Consider using sprintf_s instead. To disable deprecation, use _CRT_SECURE_NO_WARNINGS. See online help for details.
                 d:\new folder\vc\include\stdio.h(371) : see declaration of 'sprintf'
     1>f:\winapi1-\listview\my3\msg_listview.cpp(91): error C2440: 'type cast' : cannot convert from 'LVITEMA' to 'LPARAM'
                 No user-defined-conversion operator available that can perform this conversion, or the operator cannot be called
     1>Done Building Project "F:\WINAPI1-\ListView\my3\main.vcxproj" (build target(s)) -- FAILED.

Build FAILED.

Time Elapsed 00:00:00.95
